TN:
SF:/Users/ethan/SourceCode/english-in-use/src-tauri/src/commands/books.rs
FN:11,get_reading_progress
FN:35,update_reading_progress
FN:75,get_books
FN:99,get_book_cover
FN:134,get_books_logic
FNF:5
FNDA:3,get_reading_progress
FNDA:2,update_reading_progress
FNDA:1,get_books
FNDA:0,get_book_cover
FNDA:3,get_books_logic
DA:11,3
DA:15,3
DA:16,9
DA:17,9
DA:19,6
DA:25,15
DA:27,5
DA:28,2
DA:30,1
DA:35,2
DA:44,2
DA:45,6
DA:46,6
DA:48,4
DA:58,2
DA:59,6
DA:60,6
DA:61,2
DA:62,6
DA:63,6
DA:70,8
DA:71,2
DA:75,1
DA:80,3
DA:83,4
DA:84,0
DA:85,0
DA:88,3
DA:89,3
DA:90,4
DA:93,5
DA:95,1
DA:99,0
DA:104,0
DA:105,0
DA:106,0
DA:107,0
DA:113,0
DA:114,0
DA:116,0
DA:117,0
DA:118,0
DA:119,0
DA:121,0
DA:122,0
DA:123,0
DA:125,0
DA:126,0
DA:129,0
DA:134,3
DA:138,3
DA:139,6
DA:140,2
DA:142,1
DA:144,4
DA:147,15
DA:148,15
DA:150,3
LF:58
LH:39
end_of_record
TN:
SF:/Users/ethan/SourceCode/english-in-use/src-tauri/src/commands/config.rs
FN:8,load_config
FN:15,save_config
FN:36,export_config
FN:46,import_config
FNF:4
FNDA:0,load_config
FNDA:0,save_config
FNDA:1,export_config
FNDA:1,import_config
DA:8,0
DA:9,0
DA:10,0
DA:11,0
DA:15,0
DA:20,0
DA:23,0
DA:24,0
DA:25,0
DA:29,0
DA:30,0
DA:32,0
DA:36,1
DA:37,1
DA:38,3
DA:39,4
DA:40,0
DA:41,0
DA:46,1
DA:47,1
DA:48,3
DA:49,3
DA:50,0
DA:51,0
LF:24
LH:8
end_of_record
TN:
SF:/Users/ethan/SourceCode/english-in-use/src-tauri/src/commands/db.rs
FN:6,get_default_sqlite_path
FN:13,initialize_database
FN:20,test_database_connection
FN:46,get_migration_versions
FN:52,get_current_db_version
FN:64,execute_migration_up
FN:83,execute_migration_down
FNF:7
FNDA:0,get_default_sqlite_path
FNDA:0,initialize_database
FNDA:4,test_database_connection
FNDA:0,get_migration_versions
FNDA:0,get_current_db_version
FNDA:0,execute_migration_up
FNDA:0,execute_migration_down
DA:6,0
DA:7,0
DA:8,0
DA:9,0
DA:13,0
DA:14,0
DA:15,0
DA:20,4
DA:21,2
DA:25,6
DA:27,1
DA:28,1
DA:31,1
DA:32,1
DA:33,1
DA:37,0
DA:38,0
DA:41,0
DA:46,0
DA:48,0
DA:52,0
DA:55,0
DA:56,0
DA:57,0
DA:59,0
DA:64,0
DA:68,0
DA:69,0
DA:70,0
DA:71,0
DA:72,0
DA:75,0
DA:76,0
DA:78,0
DA:83,0
DA:87,0
DA:88,0
DA:89,0
DA:90,0
DA:91,0
DA:93,0
LF:41
LH:8
end_of_record
TN:
SF:/Users/ethan/SourceCode/english-in-use/src-tauri/src/commands/r2.rs
FN:8,test_r2_connection
FN:16,test_r2_connection_internal
FN:45,list_r2_objects
FN:53,list_r2_objects_internal
FN:81,read_r2_object
FN:90,read_r2_object_internal
FNF:6
FNDA:0,test_r2_connection
FNDA:0,test_r2_connection_internal
FNDA:0,list_r2_objects
FNDA:0,list_r2_objects_internal
FNDA:0,read_r2_object
FNDA:0,read_r2_object_internal
DA:8,0
DA:13,0
DA:16,0
DA:22,0
DA:23,0
DA:24,0
DA:25,0
DA:26,0
DA:28,0
DA:30,0
DA:31,0
DA:32,0
DA:33,0
DA:35,0
DA:38,0
DA:39,0
DA:45,0
DA:50,0
DA:53,0
DA:59,0
DA:60,0
DA:61,0
DA:62,0
DA:63,0
DA:65,0
DA:67,0
DA:68,0
DA:69,0
DA:71,0
DA:74,0
DA:75,0
DA:81,0
DA:87,0
DA:90,0
DA:97,0
DA:98,0
DA:100,0
DA:101,0
DA:105,0
DA:108,0
DA:111,0
DA:112,0
DA:113,0
DA:117,0
DA:118,0
DA:120,0
DA:122,0
DA:124,0
DA:125,0
DA:127,0
DA:128,0
DA:130,0
DA:131,0
DA:132,0
DA:137,0
DA:138,0
LF:56
LH:0
end_of_record
TN:
SF:/Users/ethan/SourceCode/english-in-use/src-tauri/src/commands/system.rs
FN:5,restart
FNF:1
FNDA:0,restart
DA:5,0
DA:6,0
DA:7,0
LF:3
LH:0
end_of_record
TN:
SF:/Users/ethan/SourceCode/english-in-use/src-tauri/src/database/d1.rs
FN:36,D1Database::new
FN:46,D1Database::check_status
FN:79,D1Database::raw_query
FN:118,<impl Database for D1Database>::execute
FN:128,<impl Database for D1Database>::query
FN:142,<impl Database for D1Database>::get_version
FN:185,<impl Database for D1Database>::set_version
FNF:7
FNDA:0,D1Database::new
FNDA:1,D1Database::check_status
FNDA:0,D1Database::raw_query
FNDA:0,<impl Database for D1Database>::execute
FNDA:0,<impl Database for D1Database>::query
FNDA:0,<impl Database for D1Database>::get_version
FNDA:0,<impl Database for D1Database>::set_version
DA:36,0
DA:37,0
DA:39,0
DA:46,1
DA:51,1
DA:52,2
DA:57,2
DA:58,7
DA:59,1
DA:60,2
DA:61,0
DA:63,3
DA:64,4
DA:65,1
DA:66,1
DA:67,1
DA:68,1
DA:72,0
DA:73,0
DA:74,0
DA:79,0
DA:80,0
DA:81,0
DA:86,0
DA:87,0
DA:88,0
DA:89,0
DA:90,0
DA:92,0
DA:94,0
DA:95,0
DA:96,0
DA:97,0
DA:98,0
DA:101,0
DA:102,0
DA:103,0
DA:104,0
DA:106,0
DA:107,0
DA:108,0
DA:109,0
DA:110,0
DA:113,0
DA:118,0
DA:122,0
DA:123,0
DA:124,0
DA:128,0
DA:132,0
DA:133,0
DA:134,0
DA:135,0
DA:136,0
DA:137,0
DA:138,0
DA:142,0
DA:145,0
DA:147,0
DA:148,0
DA:150,0
DA:151,0
DA:152,0
DA:153,0
DA:154,0
DA:155,0
DA:156,0
DA:157,0
DA:159,0
DA:160,0
DA:161,0
DA:164,0
DA:165,0
DA:166,0
DA:167,0
DA:168,0
DA:169,0
DA:170,0
DA:171,0
DA:172,0
DA:174,0
DA:175,0
DA:176,0
DA:177,0
DA:180,0
DA:181,0
DA:185,0
DA:189,0
DA:190,0
DA:191,0
DA:192,0
DA:193,0
DA:194,0
LF:93
LH:13
end_of_record
TN:
SF:/Users/ethan/SourceCode/english-in-use/src-tauri/src/database/mod.rs
FN:39,normalize_version
FN:48,init
FN:68,migrate_up
FN:73,migrate_up_with_list
FN:107,migrate_down
FN:112,migrate_down_with_list
FN:167,<impl Default for DbState>::default
FN:174,check_status
FNF:8
FNDA:31,normalize_version
FNDA:0,init
FNDA:6,migrate_up
FNDA:5,migrate_up_with_list
FNDA:2,migrate_down
FNDA:3,migrate_down_with_list
FNDA:0,<impl Default for DbState>::default
FNDA:6,check_status
DA:39,31
DA:40,155
DA:41,31
DA:42,2
DA:43,2
DA:44,58
DA:48,0
DA:52,0
DA:53,0
DA:54,0
DA:55,0
DA:56,0
DA:57,0
DA:58,0
DA:59,0
DA:60,0
DA:61,0
DA:65,0
DA:68,6
DA:70,12
DA:73,5
DA:78,15
DA:79,15
DA:80,5
DA:81,15
DA:83,11
DA:84,2
DA:86,4
DA:89,18
DA:90,21
DA:92,7
DA:93,8
DA:94,2
DA:95,1
DA:99,5
DA:100,20
DA:101,15
DA:104,5
DA:107,2
DA:109,4
DA:112,3
DA:117,9
DA:118,9
DA:119,3
DA:120,9
DA:122,9
DA:123,6
DA:126,0
DA:127,0
DA:128,0
DA:129,0
DA:130,0
DA:133,0
DA:137,14
DA:138,15
DA:140,9
DA:141,3
DA:142,3
DA:143,12
DA:147,9
DA:148,8
DA:149,12
DA:150,5
DA:151,2
DA:153,3
DA:156,9
DA:159,3
DA:167,0
DA:169,0
DA:174,6
DA:175,3
DA:176,6
DA:178,1
DA:179,1
DA:180,1
DA:181,4
LF:76
LH:56
end_of_record
TN:
SF:/Users/ethan/SourceCode/english-in-use/src-tauri/src/database/sqlite.rs
FN:15,<impl ToJson for i64>::to_json
FN:20,<impl ToJson for bool>::to_json
FN:25,<impl ToJson for String>::to_json
FN:30,<impl ToJson for f64>::to_json
FN:47,SqliteAffinity::from_type_name
FN:68,SqliteDatabase::new
FN:86,SqliteDatabase::check_status
FN:109,SqliteDatabase::decode
FN:120,<impl Database for SqliteDatabase>::execute
FN:134,<impl Database for SqliteDatabase>::query
FN:171,<impl Database for SqliteDatabase>::get_version
FN:208,<impl Database for SqliteDatabase>::set_version
FNF:12
FNDA:44,<impl ToJson for i64>::to_json
FNDA:0,<impl ToJson for bool>::to_json
FNDA:47,<impl ToJson for String>::to_json
FNDA:2,<impl ToJson for f64>::to_json
FNDA:95,SqliteAffinity::from_type_name
FNDA:12,SqliteDatabase::new
FNDA:4,SqliteDatabase::check_status
FNDA:93,SqliteDatabase::decode
FNDA:24,<impl Database for SqliteDatabase>::execute
FNDA:9,<impl Database for SqliteDatabase>::query
FNDA:17,<impl Database for SqliteDatabase>::get_version
FNDA:9,<impl Database for SqliteDatabase>::set_version
DA:15,44
DA:16,88
DA:20,0
DA:21,0
DA:25,47
DA:26,94
DA:30,2
DA:31,4
DA:32,2
DA:33,4
DA:47,95
DA:48,285
DA:49,95
DA:50,44
DA:51,106
DA:52,47
DA:53,8
DA:54,2
DA:55,2
DA:56,0
DA:58,2
DA:68,12
DA:69,6
DA:71,12
DA:72,6
DA:73,0
DA:74,0
DA:78,18
DA:79,12
DA:80,6
DA:82,6
DA:83,6
DA:86,4
DA:87,2
DA:88,6
DA:89,4
DA:90,2
DA:91,0
DA:92,0
DA:96,2
DA:97,4
DA:98,2
DA:100,2
DA:101,0
DA:102,0
DA:103,0
DA:109,93
DA:113,279
DA:114,93
DA:115,186
DA:120,24
DA:124,48
DA:125,24
DA:126,123
DA:127,3
DA:128,3
DA:130,21
DA:134,9
DA:138,18
DA:139,9
DA:140,45
DA:141,16
DA:142,38
DA:143,30
DA:144,143
DA:145,339
DA:146,791
DA:147,18
DA:149,190
DA:150,132
DA:151,6
DA:152,141
DA:153,0
DA:155,12
DA:156,2
DA:157,4
DA:158,0
DA:163,565
DA:165,45
DA:167,8
DA:171,17
DA:175,34
DA:176,68
DA:177,34
DA:179,34
DA:180,17
DA:181,17
DA:183,17
DA:184,6
DA:185,6
DA:188,44
DA:189,22
DA:190,11
DA:192,22
DA:193,22
DA:194,22
DA:195,0
DA:196,0
DA:197,0
DA:200,0
DA:203,11
DA:204,11
DA:208,9
DA:212,27
DA:213,18
DA:214,9
DA:215,27
DA:216,27
DA:217,18
DA:218,9
DA:219,9
LF:111
LH:95
end_of_record
TN:
SF:/Users/ethan/SourceCode/english-in-use/src-tauri/src/lib.rs
FN:13,greet
FN:18,check_connection_status
FN:25,run
FNF:3
FNDA:0,greet
FNDA:0,check_connection_status
FNDA:0,run
DA:13,0
DA:14,0
DA:18,0
DA:21,0
DA:25,0
DA:26,0
DA:29,0
DA:30,0
DA:31,0
DA:33,0
DA:36,0
DA:41,0
DA:42,0
DA:43,0
DA:44,0
DA:45,0
DA:47,0
DA:48,0
DA:49,0
DA:50,0
DA:51,0
DA:53,0
DA:55,0
DA:56,0
DA:58,0
DA:59,0
DA:60,0
DA:62,0
DA:63,0
DA:64,0
DA:65,0
DA:66,0
DA:69,0
DA:70,0
DA:71,0
DA:72,0
DA:73,0
DA:75,0
DA:76,0
DA:78,0
DA:79,0
DA:82,0
DA:85,0
DA:87,0
DA:88,0
DA:89,0
DA:91,0
DA:92,0
DA:96,0
DA:97,0
DA:98,0
DA:102,0
DA:103,0
DA:107,0
DA:108,0
DA:109,0
DA:110,0
DA:111,0
DA:112,0
DA:113,0
DA:114,0
DA:118,0
DA:119,0
DA:121,0
DA:122,0
DA:123,0
DA:126,0
DA:128,0
DA:151,0
LF:69
LH:0
end_of_record
TN:
SF:/Users/ethan/SourceCode/english-in-use/src-tauri/src/main.rs
FN:4,main
FNF:1
FNDA:0,main
DA:4,0
DA:5,0
LF:2
LH:0
end_of_record
TN:
SF:/Users/ethan/SourceCode/english-in-use/src-tauri/src/models/book.rs
FN:17,Book::from_json
FNF:1
FNDA:11,Book::from_json
DA:17,11
DA:18,33
DA:20,55
DA:21,55
DA:22,66
DA:23,66
DA:24,22
DA:26,43
DA:27,66
DA:28,22
DA:30,49
DA:31,55
DA:33,11
DA:34,22
DA:35,33
DA:36,22
DA:37,22
DA:38,22
DA:39,22
DA:40,11
DA:41,11
LF:21
LH:21
end_of_record
TN:
SF:/Users/ethan/SourceCode/english-in-use/src-tauri/src/models/book_group.rs
FN:10,<impl From for BookGroup>::from
FN:20,<impl Into for BookGroup>::into
FN:27,<impl Serialize for BookGroup>::serialize
FN:36,<impl Deserialize for BookGroup>::deserialize
FNF:4
FNDA:15,<impl From for BookGroup>::from
FNDA:1,<impl Into for BookGroup>::into
FNDA:1,<impl Serialize for BookGroup>::serialize
FNDA:1,<impl Deserialize for BookGroup>::deserialize
DA:10,15
DA:11,15
DA:12,10
DA:13,4
DA:14,1
DA:20,1
DA:21,1
DA:27,1
DA:31,3
DA:36,1
DA:40,3
DA:41,1
LF:12
LH:12
end_of_record
TN:
SF:/Users/ethan/SourceCode/english-in-use/src-tauri/src/models/config.rs
FN:45,default_language
FN:48,default_theme
FN:51,default_log_level
FN:54,default_enable_auto_check
FN:57,default_check_interval
FN:62,<impl Default for SystemConfig>::default
FN:84,<impl PartialEq for AppConfig>::eq
FN:92,AppConfig::new
FNF:8
FNDA:0,default_language
FNDA:1,default_theme
FNDA:1,default_log_level
FNDA:1,default_enable_auto_check
FNDA:1,default_check_interval
FNDA:8,<impl Default for SystemConfig>::default
FNDA:3,<impl PartialEq for AppConfig>::eq
FNDA:4,AppConfig::new
DA:45,0
DA:46,0
DA:48,1
DA:49,2
DA:51,1
DA:52,2
DA:54,1
DA:55,1
DA:57,1
DA:58,1
DA:62,8
DA:64,24
DA:65,24
DA:66,8
DA:84,3
DA:85,3
DA:86,3
DA:87,3
DA:92,4
DA:93,4
LF:20
LH:18
end_of_record
TN:
SF:/Users/ethan/SourceCode/english-in-use/src-tauri/src/models/reading_progress.rs
FN:16,ReadingProgress::from_json
FNF:1
FNDA:3,ReadingProgress::from_json
DA:16,3
DA:17,9
DA:19,15
DA:20,15
DA:21,6
DA:23,18
DA:24,6
DA:26,18
DA:27,24
DA:28,24
DA:29,24
DA:30,18
DA:32,3
DA:33,6
DA:34,6
DA:35,6
DA:36,6
DA:37,6
DA:38,6
DA:39,3
DA:40,3
LF:21
LH:21
end_of_record
TN:
SF:/Users/ethan/SourceCode/english-in-use/src-tauri/src/services/book_metadata.rs
FN:9,MetadataService::parse_definition
FN:15,MetadataService::parse_book_json
FN:21,MetadataService::build_exercise_mapping
FN:29,MetadataService::recursive_extract_exercises
FN:48,MetadataService::extract_page_label_from_name
FN:68,MetadataService::parse_overlays
FN:74,MetadataService::build_page_index
FN:122,MetadataService::parse_toc
FN:126,MetadataService::recursive_parse_toc
FNF:9
FNDA:3,MetadataService::parse_definition
FNDA:1,MetadataService::parse_book_json
FNDA:1,MetadataService::build_exercise_mapping
FNDA:235,MetadataService::recursive_extract_exercises
FNDA:687,MetadataService::extract_page_label_from_name
FNDA:1,MetadataService::parse_overlays
FNDA:2,MetadataService::build_page_index
FNDA:2,MetadataService::parse_toc
FNDA:25,MetadataService::recursive_parse_toc
DA:9,3
DA:10,9
DA:11,12
DA:12,3
DA:15,1
DA:16,3
DA:17,4
DA:18,1
DA:21,1
DA:24,3
DA:25,3
DA:26,1
DA:29,235
DA:33,2077
DA:34,1608
DA:35,2061
DA:36,3435
DA:37,2061
DA:38,687
DA:42,1389
DA:43,468
DA:48,687
DA:52,2064
DA:54,2061
DA:55,1374
DA:56,2748
DA:57,1374
DA:59,1374
DA:60,1374
DA:61,0
DA:63,687
DA:68,1
DA:69,3
DA:70,4
DA:71,1
DA:74,2
DA:81,4
DA:82,371
DA:83,369
DA:84,615
DA:89,4
DA:90,3
DA:91,814
DA:92,1084
DA:96,4
DA:97,2
DA:98,2
DA:99,2
DA:102,327
DA:103,650
DA:104,1625
DA:105,2271
DA:106,1625
DA:109,975
DA:110,325
DA:111,975
DA:112,975
DA:113,650
DA:114,325
DA:115,325
DA:122,2
DA:123,6
DA:126,25
DA:130,25
DA:132,185
DA:133,160
DA:134,320
DA:135,160
DA:136,160
DA:137,160
DA:138,234
DA:139,160
DA:140,160
DA:141,160
DA:145,283
DA:146,369
DA:147,369
DA:148,369
DA:149,246
DA:152,73
DA:154,72
DA:155,36
DA:156,36
DA:157,36
DA:158,72
DA:159,36
DA:160,36
DA:161,36
DA:165,197
DA:166,37
DA:167,92
DA:168,46
DA:169,23
DA:174,160
LF:94
LH:93
end_of_record
TN:
SF:/Users/ethan/SourceCode/english-in-use/src-tauri/src/services/config.rs
FN:11,get_config_path_from_context
FN:49,load_initial
FN:54,get_config_path
FN:61,load
FN:66,save
FN:78,<impl AppConfigExt for AppConfig>::load_from_path
FN:90,<impl AppConfigExt for AppConfig>::save_to_path
FNF:7
FNDA:0,get_config_path_from_context
FNDA:0,load_initial
FNDA:0,get_config_path
FNDA:0,load
FNDA:0,save
FNDA:3,<impl AppConfigExt for AppConfig>::load_from_path
FNDA:2,<impl AppConfigExt for AppConfig>::save_to_path
DA:11,0
DA:12,0
DA:16,0
DA:17,0
DA:18,0
DA:19,0
DA:20,0
DA:46,0
DA:49,0
DA:50,0
DA:51,0
DA:54,0
DA:55,0
DA:61,0
DA:62,0
DA:63,0
DA:66,0
DA:67,0
DA:68,0
DA:78,3
DA:79,3
DA:80,3
DA:81,1
DA:82,1
DA:84,8
DA:85,10
DA:86,2
DA:87,2
DA:90,2
DA:91,2
DA:92,8
DA:93,4
DA:94,2
DA:95,0
DA:96,0
DA:99,8
DA:100,6
DA:101,2
DA:102,2
DA:103,2
LF:40
LH:19
end_of_record
TN:
SF:/Users/ethan/SourceCode/english-in-use/src-tauri/src/services/db_init.rs
FN:9,get_init_flag_path
FN:18,mark_as_initialized
FN:42,<impl DatabaseInitHandler for DefaultInitHandler>::init_db
FN:50,<impl DatabaseInitHandler for DefaultInitHandler>::migrate_up
FN:56,<impl DatabaseInitHandler for DefaultInitHandler>::mark_initialized
FN:62,init_database
FN:90,init_database_internal
FNF:7
FNDA:0,get_init_flag_path
FNDA:0,mark_as_initialized
FNDA:0,<impl DatabaseInitHandler for DefaultInitHandler>::init_db
FNDA:0,<impl DatabaseInitHandler for DefaultInitHandler>::migrate_up
FNDA:0,<impl DatabaseInitHandler for DefaultInitHandler>::mark_initialized
FNDA:0,init_database
FNDA:2,init_database_internal
DA:9,0
DA:10,0
DA:11,0
DA:12,0
DA:14,0
DA:18,0
DA:19,0
DA:20,0
DA:21,0
DA:22,0
DA:42,0
DA:46,0
DA:47,0
DA:48,0
DA:50,0
DA:54,0
DA:56,0
DA:57,0
DA:62,0
DA:63,0
DA:65,0
DA:66,0
DA:67,0
DA:69,0
DA:70,0
DA:72,0
DA:73,0
DA:77,0
DA:78,0
DA:80,0
DA:83,0
DA:84,0
DA:85,0
DA:87,0
DA:90,2
DA:95,4
DA:98,6
DA:99,4
DA:100,2
DA:101,2
DA:104,2
DA:105,1
DA:106,2
DA:107,2
DA:108,1
DA:109,1
DA:112,2
DA:113,1
DA:114,1
DA:116,1
DA:119,2
LF:51
LH:17
end_of_record
TN:
SF:/Users/ethan/SourceCode/english-in-use/src-tauri/src/services/status.rs
FN:8,run_check
FN:18,run_check_logic
FN:38,run_check_logic_internal
FN:104,monitor_connections
FNF:4
FNDA:0,run_check
FNDA:0,run_check_logic
FNDA:2,run_check_logic_internal
FNDA:0,monitor_connections
DA:8,0
DA:9,0
DA:10,0
DA:11,0
DA:12,0
DA:13,0
DA:15,0
DA:18,0
DA:22,0
DA:24,0
DA:25,0
DA:26,0
DA:27,0
DA:28,0
DA:30,0
DA:31,0
DA:32,0
DA:35,0
DA:38,2
DA:52,3
DA:53,2
DA:56,3
DA:57,2
DA:60,2
DA:61,2
DA:104,0
DA:105,0
DA:107,0
DA:108,0
DA:109,0
DA:110,0
DA:113,0
DA:114,0
DA:115,0
DA:119,0
DA:120,0
DA:121,0
DA:122,0
DA:123,0
DA:126,0
DA:128,0
DA:131,0
LF:42
LH:7
end_of_record
TN:
SF:/Users/ethan/SourceCode/english-in-use/src-tauri/src/utils/cache.rs
FN:8,CacheKey::book_list
FNF:1
FNDA:4,CacheKey::book_list
DA:8,4
DA:9,4
DA:10,6
DA:11,4
LF:4
LH:4
end_of_record
TN:
SF:/Users/ethan/SourceCode/english-in-use/src-tauri/src/utils/local.rs
FN:12,init_app_data_dir
FN:19,init_app_cache_dir
FN:26,get_app_data_dir
FN:33,get_app_cache_dir
FN:40,read_app_file
FN:53,read_cache_file
FN:65,save_app_file
FN:70,save_cache_file
FN:74,save_to_dir
FN:99,read_file
FNF:10
FNDA:0,init_app_data_dir
FNDA:0,init_app_cache_dir
FNDA:0,get_app_data_dir
FNDA:0,get_app_cache_dir
FNDA:0,read_app_file
FNDA:0,read_cache_file
FNDA:0,save_app_file
FNDA:0,save_cache_file
FNDA:2,save_to_dir
FNDA:4,read_file
DA:12,0
DA:13,0
DA:14,0
DA:19,0
DA:20,0
DA:21,0
DA:26,0
DA:27,0
DA:29,0
DA:33,0
DA:34,0
DA:36,0
DA:40,0
DA:41,0
DA:42,0
DA:43,0
DA:46,0
DA:47,0
DA:48,0
DA:53,0
DA:54,0
DA:55,0
DA:56,0
DA:58,0
DA:59,0
DA:60,0
DA:65,0
DA:66,0
DA:70,0
DA:71,0
DA:74,2
DA:76,3
DA:77,3
DA:80,2
DA:81,3
DA:82,0
DA:83,0
DA:88,4
DA:89,0
DA:90,0
DA:93,3
DA:94,1
DA:95,1
DA:99,4
DA:100,6
DA:101,6
DA:103,2
DA:104,1
DA:105,1
DA:108,1
DA:110,3
DA:111,0
DA:112,0
LF:53
LH:17
end_of_record
TN:
SF:/Users/ethan/SourceCode/english-in-use/src-tauri/src/utils/r2.rs
FN:16,<impl Default for R2ClientState>::default
FN:23,get_client
FN:57,create_r2_client
FN:61,create_r2_client_internal
FN:110,list_objects
FN:132,list_folders
FN:155,get_object
FN:183,check_status
FN:187,check_status_internal
FNF:9
FNDA:0,<impl Default for R2ClientState>::default
FNDA:0,get_client
FNDA:2,create_r2_client
FNDA:5,create_r2_client_internal
FNDA:2,list_objects
FNDA:4,list_folders
FNDA:2,get_object
FNDA:0,check_status
FNDA:2,check_status_internal
DA:16,0
DA:18,0
DA:23,0
DA:27,0
DA:28,0
DA:29,0
DA:34,0
DA:35,0
DA:36,0
DA:37,0
DA:38,0
DA:44,0
DA:45,0
DA:49,0
DA:50,0
DA:51,0
DA:54,0
DA:57,2
DA:58,3
DA:61,5
DA:66,4
DA:67,4
DA:68,4
DA:70,5
DA:72,4
DA:73,8
DA:75,4
DA:78,4
DA:79,4
DA:80,4
DA:81,4
DA:85,12
DA:86,4
DA:88,0
DA:91,16
DA:92,12
DA:93,12
DA:94,16
DA:96,4
DA:98,12
DA:102,4
DA:103,4
DA:105,1
DA:106,1
DA:110,2
DA:111,1
DA:112,3
DA:114,3
DA:116,1
DA:117,1
DA:118,0
DA:119,0
DA:122,3
DA:125,11
DA:128,1
DA:129,1
DA:132,4
DA:133,2
DA:134,5
DA:136,6
DA:139,2
DA:140,3
DA:141,1
DA:142,2
DA:145,3
DA:148,6
DA:151,1
DA:152,1
DA:155,2
DA:156,3
DA:157,1
DA:158,3
DA:160,3
DA:161,3
DA:163,1
DA:164,1
DA:165,0
DA:166,0
DA:169,4
DA:170,0
DA:171,0
DA:174,2
DA:175,1
DA:176,0
DA:178,0
DA:180,1
DA:183,0
DA:184,0
DA:187,2
DA:192,2
DA:193,2
DA:194,2
DA:195,6
DA:196,6
DA:197,0
DA:199,0
DA:200,0
DA:201,0
DA:203,0
DA:206,2
DA:207,10
DA:208,1
DA:209,1
DA:210,1
DA:211,1
DA:214,0
DA:215,0
DA:216,0
DA:220,0
LF:109
LH:72
end_of_record
